2012/05/05 10:27:06 [error] [php] htmlspecialchars() expects parameter 1 to be string, array given (Z:\home\city.lan\www\framework\web\helpers\CHtml.php:85)
Stack trace:
#0 Z:\home\city.lan\www\framework\web\CBaseController.php(127): require()
#1 Z:\home\city.lan\www\framework\web\CBaseController.php(96): SiteController->renderInternal()
#2 Z:\home\city.lan\www\framework\web\widgets\CContentDecorator.php(77): SiteController->renderFile()
#3 Z:\home\city.lan\www\framework\web\widgets\CContentDecorator.php(55): CContentDecorator->decorate()
#4 Z:\home\city.lan\www\framework\web\widgets\COutputProcessor.php(45): CContentDecorator->processOutput()
#5 Z:\home\city.lan\www\framework\web\CBaseController.php(207): CContentDecorator->run()
#6 Z:\home\city.lan\www\framework\web\CBaseController.php(301): SiteController->endWidget()
#7 Z:\home\city.lan\www\protected\views\layouts\column1.php(5): SiteController->endContent()
#8 Z:\home\city.lan\www\framework\web\CBaseController.php(127): require()
#9 Z:\home\city.lan\www\framework\web\CBaseController.php(96): SiteController->renderInternal()
#10 Z:\home\city.lan\www\framework\web\CController.php(785): SiteController->renderFile()
#11 Z:\home\city.lan\www\protected\controllers\SiteController.php(32): SiteController->render()
#12 Z:\home\city.lan\www\framework\web\actions\CInlineAction.php(50): SiteController->actionIndex()
#13 Z:\home\city.lan\www\framework\web\CController.php(309): CInlineAction->runWithParams()
#14 Z:\home\city.lan\www\framework\web\CController.php(287): SiteController->runAction()
#15 Z:\home\city.lan\www\framework\web\CController.php(266): SiteController->runActionWithFilters()
#16 Z:\home\city.lan\www\framework\web\CWebApplication.php(276): SiteController->run()
#17 Z:\home\city.lan\www\framework\web\CWebApplication.php(135): CWebApplication->runController()
#18 Z:\home\city.lan\www\framework\base\CApplication.php(162): CWebApplication->processRequest()
#19 Z:\home\city.lan\www\index.php(23): CWebApplication->run()
REQUEST_URI=/index.php?r=site/index
2012/05/06 14:18:36 [error] [php] include(template.php) [<a href='function.include'>function.include</a>]: failed to open stream: No such file or directory (Z:\home\city.lan\www\framework\YiiBase.php:418)
Stack trace:
#0 Z:\home\city.lan\www\protected\views\users\profile.php(95): spl_autoload_call()
#1 Z:\home\city.lan\www\framework\web\CBaseController.php(127): require()
#2 Z:\home\city.lan\www\framework\web\CBaseController.php(96): UsersController->renderInternal()
#3 Z:\home\city.lan\www\framework\web\CController.php(870): UsersController->renderFile()
#4 Z:\home\city.lan\www\framework\web\CController.php(783): UsersController->renderPartial()
#5 Z:\home\city.lan\www\protected\controllers\UserController.php(130): UserController->render()
#6 Z:\home\city.lan\www\framework\web\actions\CInlineAction.php(50): UserController->actionProfile()
#7 Z:\home\city.lan\www\framework\web\CController.php(309): CInlineAction->runWithParams()
#8 Z:\home\city.lan\www\framework\web\filters\CFilterChain.php(134): UserController->runAction()
#9 Z:\home\city.lan\www\framework\web\filters\CFilter.php(41): CFilterChain->run()
#10 Z:\home\city.lan\www\framework\web\CController.php(1146): CAccessControlFilter->filter()
#11 Z:\home\city.lan\www\framework\web\filters\CInlineFilter.php(59): UserController->filterAccessControl()
#12 Z:\home\city.lan\www\framework\web\filters\CFilterChain.php(131): CInlineFilter->filter()
#13 Z:\home\city.lan\www\framework\web\CController.php(292): CFilterChain->run()
#14 Z:\home\city.lan\www\framework\web\CController.php(266): UserController->runActionWithFilters()
#15 Z:\home\city.lan\www\framework\web\CWebApplication.php(276): UserController->run()
#16 Z:\home\city.lan\www\framework\web\CWebApplication.php(135): CWebApplication->runController()
#17 Z:\home\city.lan\www\framework\base\CApplication.php(162): CWebApplication->processRequest()
#18 Z:\home\city.lan\www\index.php(23): CWebApplication->run()
REQUEST_URI=/users/profile
2012/05/06 15:50:01 [error] [php] include(template.php) [<a href='function.include'>function.include</a>]: failed to open stream: No such file or directory (Z:\home\city.lan\www\framework\YiiBase.php:418)
Stack trace:
#0 Z:\home\city.lan\www\protected\views\users\profile.php(96): spl_autoload_call()
#1 Z:\home\city.lan\www\framework\web\CBaseController.php(127): require()
#2 Z:\home\city.lan\www\framework\web\CBaseController.php(96): UserController->renderInternal()
#3 Z:\home\city.lan\www\framework\web\CController.php(870): UserController->renderFile()
#4 Z:\home\city.lan\www\framework\web\CController.php(783): UserController->renderPartial()
#5 Z:\home\city.lan\www\protected\controllers\UserController.php(130): UserController->render()
#6 Z:\home\city.lan\www\framework\web\actions\CInlineAction.php(50): UserController->actionProfile()
#7 Z:\home\city.lan\www\framework\web\CController.php(309): CInlineAction->runWithParams()
#8 Z:\home\city.lan\www\framework\web\filters\CFilterChain.php(134): UserController->runAction()
#9 Z:\home\city.lan\www\framework\web\filters\CFilter.php(41): CFilterChain->run()
#10 Z:\home\city.lan\www\framework\web\CController.php(1146): CAccessControlFilter->filter()
#11 Z:\home\city.lan\www\framework\web\filters\CInlineFilter.php(59): UserController->filterAccessControl()
#12 Z:\home\city.lan\www\framework\web\filters\CFilterChain.php(131): CInlineFilter->filter()
#13 Z:\home\city.lan\www\framework\web\CController.php(292): CFilterChain->run()
#14 Z:\home\city.lan\www\framework\web\CController.php(266): UserController->runActionWithFilters()
#15 Z:\home\city.lan\www\framework\web\CWebApplication.php(276): UserController->run()
#16 Z:\home\city.lan\www\framework\web\CWebApplication.php(135): CWebApplication->runController()
#17 Z:\home\city.lan\www\framework\base\CApplication.php(162): CWebApplication->processRequest()
#18 Z:\home\city.lan\www\index.php(23): CWebApplication->run()
REQUEST_URI=/users/profile
2012/05/06 15:59:15 [error] [php] include(template.php) [<a href='function.include'>function.include</a>]: failed to open stream: No such file or directory (Z:\home\city.lan\www\framework\YiiBase.php:418)
Stack trace:
#0 Z:\home\city.lan\www\protected\views\users\profile.php(96): spl_autoload_call()
#1 Z:\home\city.lan\www\framework\web\CBaseController.php(127): require()
#2 Z:\home\city.lan\www\framework\web\CBaseController.php(96): UserController->renderInternal()
#3 Z:\home\city.lan\www\framework\web\CController.php(870): UserController->renderFile()
#4 Z:\home\city.lan\www\framework\web\CController.php(783): UserController->renderPartial()
#5 Z:\home\city.lan\www\protected\controllers\UserController.php(130): UserController->render()
#6 Z:\home\city.lan\www\framework\web\actions\CInlineAction.php(50): UserController->actionProfile()
#7 Z:\home\city.lan\www\framework\web\CController.php(309): CInlineAction->runWithParams()
#8 Z:\home\city.lan\www\framework\web\filters\CFilterChain.php(134): UserController->runAction()
#9 Z:\home\city.lan\www\framework\web\filters\CFilter.php(41): CFilterChain->run()
#10 Z:\home\city.lan\www\framework\web\CController.php(1146): CAccessControlFilter->filter()
#11 Z:\home\city.lan\www\framework\web\filters\CInlineFilter.php(59): UserController->filterAccessControl()
#12 Z:\home\city.lan\www\framework\web\filters\CFilterChain.php(131): CInlineFilter->filter()
#13 Z:\home\city.lan\www\framework\web\CController.php(292): CFilterChain->run()
#14 Z:\home\city.lan\www\framework\web\CController.php(266): UserController->runActionWithFilters()
#15 Z:\home\city.lan\www\framework\web\CWebApplication.php(276): UserController->run()
#16 Z:\home\city.lan\www\framework\web\CWebApplication.php(135): CWebApplication->runController()
#17 Z:\home\city.lan\www\framework\base\CApplication.php(162): CWebApplication->processRequest()
#18 Z:\home\city.lan\www\index.php(23): CWebApplication->run()
REQUEST_URI=/users/profile
